[35m[Appium][39m Welcome to Appium v1.22.3
[35m[Appium][39m Non-default server args:
[35m[Appium][39m   port: 53109
[35m[Appium][39m   loglevel: info
[35m[Appium][39m   tmpDir: /var/folders/kk/nlt7nt6x7ps0p6ysf2b4v_5w0000gp/T//Katalon/Appium/Temp1763800398030
[35m[Appium][39m   chromedriverPort: 53110
[35m[Appium][39m Deprecated server args:
[35m[Appium][39m   [31m--chromedriver-port[39m => --default-capabilities
[35m[Appium][39m Default capabilities, which will be added to each request unless overridden by desired capabilities:
[35m[Appium][39m   chromedriverPort: 53110
[35m[Appium][39m Appium REST http interface listener started on 0.0.0.0:53109
[35m[HTTP][39m [37m-->[39m [37mGET[39m [37m/wd/hub/status[39m
[35m[HTTP][39m [90m{}[39m
[35m[HTTP][39m [37m<-- GET /wd/hub/status [39m[32m200[39m [90m6 ms - 68[39m
[35m[HTTP][39m [90m[39m
[35m[HTTP][39m [37m-->[39m [37mGET[39m [37m/wd/hub/status[39m
[35m[HTTP][39m [90m{}[39m
[35m[HTTP][39m [37m<-- GET /wd/hub/status [39m[32m200[39m [90m1 ms - 68[39m
[35m[HTTP][39m [90m[39m
[35m[HTTP][39m [37m-->[39m [37mPOST[39m [37m/wd/hub/session[39m
[35m[HTTP][39m [90m{"desiredCapabilities":{"appPackage":"com.android.settings","deviceId":"RKXSLFLZ456HQWVC","deviceName":"Xiaomi 2409BRN2CY (Android 14)","platform":"ANDROID","appActivity":".Settings","newCommandTimeout":1800,"platformVersion":"14","automationName":"uiautomator2","autoGrantPermissions":true,"platformName":"Android","udid":"RKXSLFLZ456HQWVC","systemPort":8287},"capabilities":{"firstMatch":[{"appium:appActivity":".Settings","appium:appPackage":"com.android.settings","appium:autoGrantPermissions":true,"appium:automationName":"uiautomator2","deviceId":"RKXSLFLZ456HQWVC","appium:deviceName":"Xiaomi 2409BRN2CY (Android 14)","appium:newCommandTimeout":1800,"platform":"ANDROID","platformName":"android","appium:platformVersion":"14","appium:systemPort":8287,"appium:udid":"RKXSLFLZ456HQWVC"}]}}[39m
[35m[BaseDriver][39m The following capabilities are not standard capabilities and should have an extension prefix:
[35m[BaseDriver][39m   deviceId
[35m[BaseDriver][39m   platform
[35m[BaseDriver][39m   chromedriverPort
[35m[Appium][39m Appium v1.22.3 creating new AndroidUiautomator2Driver (v1.70.1) session
[35m[BaseDriver][39m The following capabilities were provided, but are not recognized by Appium:
[35m[BaseDriver][39m   deviceId
[35m[BaseDriver][39m   platform
[35m[BaseDriver][39m Session created with session id: 6fa2a1c4-597a-4202-adb3-f30fcedcd0ce
[35m[UiAutomator2][39m Starting 'com.android.settings' directly on the device
[35m[ADB][39m Found 1 'build-tools' folders under '/Users/wiwinputrigulo/.katalon/tools/android_sdk' (newest first):
[35m[ADB][39m     /Users/wiwinputrigulo/.katalon/tools/android_sdk/build-tools/29.0.3
[35m[ADB][39m Using 'adb' from '/Users/wiwinputrigulo/.katalon/tools/android_sdk/platform-tools/adb'
[35m[AndroidDriver][39m Retrieving device list
[35m[AndroidDriver][39m Using device: RKXSLFLZ456HQWVC
[35m[ADB][39m Using 'adb' from '/Users/wiwinputrigulo/.katalon/tools/android_sdk/platform-tools/adb'
[35m[ADB][39m Getting device platform version
[35m[UiAutomator2][39m Relaxing hidden api policy
[35m[AndroidDriver][39m No app sent in, not parsing package/activity
[35m[UiAutomator2][39m Server package at '/usr/local/lib/node_modules/appium/node_modules/appium-uiautomator2-server/apks/appium-uiautomator2-server-v4.27.0.apk' is not writeable. Will copy it into the temporary location at '/var/folders/kk/nlt7nt6x7ps0p6ysf2b4v_5w0000gp/T/Katalon/Appium/Temp1763800398030/20251022-45266-o9gr8n.xnngp' as a workaround. Consider making this file writeable manually in order to improve the performance of session startup.
[35m[UiAutomator2][39m Server package at '/usr/local/lib/node_modules/appium/node_modules/appium-uiautomator2-server/apks/appium-uiautomator2-server-debug-androidTest.apk' is not writeable. Will copy it into the temporary location at '/var/folders/kk/nlt7nt6x7ps0p6ysf2b4v_5w0000gp/T/Katalon/Appium/Temp1763800398030/20251022-45266-o9gr8n.xnngp' as a workaround. Consider making this file writeable manually in order to improve the performance of session startup.
[35m[ADB][39m Using 'apksigner.jar' from '/Users/wiwinputrigulo/.katalon/tools/android_sdk/build-tools/29.0.3/lib/apksigner.jar'
[35m[ADB][39m '/var/folders/kk/nlt7nt6x7ps0p6ysf2b4v_5w0000gp/T/Katalon/Appium/Temp1763800398030/20251022-45266-o9gr8n.xnngp/appium-uiautomator2-server-v4.27.0.apk' is signed with the default certificate
[35m[ADB][39m '/var/folders/kk/nlt7nt6x7ps0p6ysf2b4v_5w0000gp/T/Katalon/Appium/Temp1763800398030/20251022-45266-o9gr8n.xnngp/appium-uiautomator2-server-debug-androidTest.apk' is signed with the default certificate
[35m[UiAutomator2][39m Server packages are not going to be (re)installed
[35m[ADB][39m Adding packages ["io.appium.settings","io.appium.uiautomator2.server","io.appium.uiautomator2.server.test"] to Doze whitelist
[35m[UiAutomator2][39m Starting UIAutomator2 server 4.27.0
[35m[UiAutomator2][39m Using UIAutomator2 server from '/usr/local/lib/node_modules/appium/node_modules/appium-uiautomator2-server/apks/appium-uiautomator2-server-v4.27.0.apk' and test from '/usr/local/lib/node_modules/appium/node_modules/appium-uiautomator2-server/apks/appium-uiautomator2-server-debug-androidTest.apk'
[35m[UiAutomator2][39m Waiting up to 30000ms for UiAutomator2 to be online...
[35m[WD Proxy][39m socket hang up
[35m[WD Proxy][39m socket hang up
[35m[WD Proxy][39m socket hang up
[35m[WD Proxy][39m Determined the downstream protocol as 'W3C'
[35m[AndroidDriver][39m Screen already unlocked, doing nothing
[35m[UiAutomator2][39m Starting 'com.android.settings/.Settings and waiting for 'com.android.settings/.Settings'
[35m[Appium][39m New AndroidUiautomator2Driver session created successfully, session 6fa2a1c4-597a-4202-adb3-f30fcedcd0ce added to master session list
[35m[HTTP][39m [37m<-- POST /wd/hub/session [39m[32m200[39m [90m11845 ms - 1236[39m
[35m[HTTP][39m [90m[39m
[35m[HTTP][39m [37m-->[39m [37mGET[39m [37m/wd/hub/session/6fa2a1c4-597a-4202-adb3-f30fcedcd0ce[39m
[35m[HTTP][39m [90m{}[39m
[35m[HTTP][39m [37m<-- GET /wd/hub/session/6fa2a1c4-597a-4202-adb3-f30fcedcd0ce [39m[32m200[39m [90m11 ms - 1190[39m
[35m[HTTP][39m [90m[39m
[35m[HTTP][39m [37m-->[39m [37mGET[39m [37m/wd/hub/session/6fa2a1c4-597a-4202-adb3-f30fcedcd0ce[39m
[35m[HTTP][39m [90m{}[39m
[35m[HTTP][39m [37m<-- GET /wd/hub/session/6fa2a1c4-597a-4202-adb3-f30fcedcd0ce [39m[32m200[39m [90m12 ms - 1190[39m
[35m[HTTP][39m [90m[39m
[35m[HTTP][39m [37m-->[39m [37mGET[39m [37m/wd/hub/status[39m
[35m[HTTP][39m [90m{}[39m
[35m[HTTP][39m [37m<-- GET /wd/hub/status [39m[32m200[39m [90m1 ms - 68[39m
[35m[HTTP][39m [90m[39m
[35m[HTTP][39m [37m-->[39m [37mPOST[39m [37m/wd/hub/session/6fa2a1c4-597a-4202-adb3-f30fcedcd0ce/timeouts[39m
[35m[HTTP][39m [90m{"implicit":60000}[39m
[35m[HTTP][39m [37m<-- POST /wd/hub/session/6fa2a1c4-597a-4202-adb3-f30fcedcd0ce/timeouts [39m[32m200[39m [90m2 ms - 14[39m
[35m[HTTP][39m [90m[39m
[35m[HTTP][39m [37m-->[39m [37mGET[39m [37m/wd/hub/session/6fa2a1c4-597a-4202-adb3-f30fcedcd0ce/screenshot[39m
[35m[HTTP][39m [90m{}[39m
[35m[HTTP][39m [37m<-- GET /wd/hub/session/6fa2a1c4-597a-4202-adb3-f30fcedcd0ce/screenshot [39m[32m200[39m [90m539 ms - 116388[39m
[35m[HTTP][39m [90m[39m
[35m[HTTP][39m [37m-->[39m [37mGET[39m [37m/wd/hub/session/6fa2a1c4-597a-4202-adb3-f30fcedcd0ce/window/rect[39m
[35m[HTTP][39m [90m{}[39m
[35m[HTTP][39m [37m<-- GET /wd/hub/session/6fa2a1c4-597a-4202-adb3-f30fcedcd0ce/window/rect [39m[32m200[39m [90m21 ms - 49[39m
[35m[HTTP][39m [90m[39m
[35m[HTTP][39m [37m-->[39m [37mGET[39m [37m/wd/hub/session/6fa2a1c4-597a-4202-adb3-f30fcedcd0ce/appium/device/system_bars[39m
[35m[HTTP][39m [90m{}[39m
[35m[HTTP][39m [37m<-- GET /wd/hub/session/6fa2a1c4-597a-4202-adb3-f30fcedcd0ce/appium/device/system_bars [39m[32m200[39m [90m173 ms - 145[39m
[35m[HTTP][39m [90m[39m
[35m[HTTP][39m [37m-->[39m [37mPOST[39m [37m/wd/hub/session/6fa2a1c4-597a-4202-adb3-f30fcedcd0ce/appium/device/activate_app[39m
[35m[HTTP][39m [90m{"bundleId":"com.lionparcel.services.consumer"}[39m
[35m[HTTP][39m [37m<-- POST /wd/hub/session/6fa2a1c4-597a-4202-adb3-f30fcedcd0ce/appium/device/activate_app [39m[32m200[39m [90m761 ms - 14[39m
[35m[HTTP][39m [90m[39m
[35m[HTTP][39m [37m-->[39m [37mGET[39m [37m/wd/hub/session/6fa2a1c4-597a-4202-adb3-f30fcedcd0ce/source[39m
[35m[HTTP][39m [90m{}[39m
[35m[W3C (6fa2a1c4)][39m Driver proxy active, passing request on via HTTP proxy
[35m[WD Proxy][39m Replacing sessionId b5c05a15-c485-4bc2-806a-1172025ab011 with 6fa2a1c4-597a-4202-adb3-f30fcedcd0ce
[35m[HTTP][39m [37m<-- GET /wd/hub/session/6fa2a1c4-597a-4202-adb3-f30fcedcd0ce/source [39m[32m200[39m [90m1146 ms - 45357[39m
[35m[HTTP][39m [90m[39m
[35m[HTTP][39m [37m-->[39m [37mGET[39m [37m/wd/hub/session/6fa2a1c4-597a-4202-adb3-f30fcedcd0ce/screenshot[39m
[35m[HTTP][39m [90m{}[39m
[35m[HTTP][39m [37m<-- GET /wd/hub/session/6fa2a1c4-597a-4202-adb3-f30fcedcd0ce/screenshot [39m[32m200[39m [90m514 ms - 281264[39m
[35m[HTTP][39m [90m[39m
[35m[HTTP][39m [37m-->[39m [37mPOST[39m [37m/wd/hub/session/6fa2a1c4-597a-4202-adb3-f30fcedcd0ce/elements[39m
[35m[HTTP][39m [90m{"using":"xpath","value":"//*[@class = 'android.widget.ImageButton' and (@text = '' or . = '')]"}[39m
[35m[HTTP][39m [37m<-- POST /wd/hub/session/6fa2a1c4-597a-4202-adb3-f30fcedcd0ce/elements [39m[32m200[39m [90m877 ms - 139[39m
[35m[HTTP][39m [90m[39m
[35m[HTTP][39m [37m-->[39m [37mPOST[39m [37m/wd/hub/session/6fa2a1c4-597a-4202-adb3-f30fcedcd0ce/elements[39m
[35m[HTTP][39m [90m{"using":"xpath","value":"//*[@class = 'android.widget.ImageButton' and (@text = '' or . = '')]"}[39m
[35m[HTTP][39m [37m<-- POST /wd/hub/session/6fa2a1c4-597a-4202-adb3-f30fcedcd0ce/elements [39m[32m200[39m [90m531 ms - 139[39m
[35m[HTTP][39m [90m[39m
[35m[HTTP][39m [37m-->[39m [37mPOST[39m [37m/wd/hub/session/6fa2a1c4-597a-4202-adb3-f30fcedcd0ce/elements[39m
[35m[HTTP][39m [90m{"using":"xpath","value":"//*[@class = 'android.view.ViewGroup' and @resource-id = 'com.lionparcel.services.consumer:id/toolbar' and (@text = '' or . = '')]"}[39m
[35m[HTTP][39m [37m<-- POST /wd/hub/session/6fa2a1c4-597a-4202-adb3-f30fcedcd0ce/elements [39m[32m200[39m [90m563 ms - 139[39m
[35m[HTTP][39m [90m[39m
[35m[HTTP][39m [37m-->[39m [37mPOST[39m [37m/wd/hub/session/6fa2a1c4-597a-4202-adb3-f30fcedcd0ce/elements[39m
[35m[HTTP][39m [90m{"using":"xpath","value":"//*[@class = 'android.widget.TextView' and (@text = 'Cek Tarif' or . = 'Cek Tarif') and @resource-id = 'com.lionparcel.services.consumer:id/txtToolbarTitle']"}[39m
[35m[HTTP][39m [37m<-- POST /wd/hub/session/6fa2a1c4-597a-4202-adb3-f30fcedcd0ce/elements [39m[32m200[39m [90m9719 ms - 139[39m
[35m[HTTP][39m [90m[39m
[35m[HTTP][39m [37m-->[39m [37mDELETE[39m [37m/wd/hub/session/6fa2a1c4-597a-4202-adb3-f30fcedcd0ce[39m
[35m[HTTP][39m [90m{}[39m
[35m[Appium][39m Removing session 6fa2a1c4-597a-4202-adb3-f30fcedcd0ce from our master session list
[35m[UiAutomator2][39m Restoring hidden api policy to the device default configuration
[35m[HTTP][39m [37m<-- DELETE /wd/hub/session/6fa2a1c4-597a-4202-adb3-f30fcedcd0ce [39m[32m200[39m [90m668 ms - 14[39m
[35m[HTTP][39m [90m[39m
